[2019-02-01 22:34:52] START
[2019-02-01 22:34:52] EDIT Waf2Py/views/layout_community.html: -1
[2019-02-01 22:45:31] EDIT Waf2Py/controllers/default.py: -2
[2019-02-06 23:44:28] EDIT Waf2Py/modules/stuffs.py: 0
[2019-02-07 00:28:56] EDIT Waf2Py/controllers/Logs.py: 1
[2019-02-07 00:29:27] EDIT Waf2Py/controllers/Logs.py: 0
[2019-02-07 00:46:46] EDIT Waf2Py/controllers/Logs.py: 0
[2019-02-07 08:43:38] EDIT Waf2Py/controllers/Logs.py: -1
[2019-02-09 09:45:06] EDIT Waf2Py/controllers/Logs.py: 4
[2019-02-09 09:46:14] EDIT Waf2Py/controllers/Logs.py: 4
[2019-02-09 11:19:41] EDIT Waf2Py/models/db.py: 0
[2019-02-09 11:27:22] EDIT Waf2Py/controllers/default.py: 3
[2019-02-10 13:36:47] EDIT Waf2Py/controllers/Logs.py: 0
[2019-02-10 13:37:41] EDIT Waf2Py/controllers/Logs.py: 0
[2019-02-10 13:40:38] EDIT Waf2Py/controllers/Logs.py: 0
[2019-02-10 13:41:55] EDIT Waf2Py/controllers/Logs.py: 0
[2019-02-10 13:48:38] EDIT Waf2Py/controllers/Logs.py: 0
[2019-02-11 08:10:25] EDIT Waf2Py/controllers/Logs.py: 0
[2019-02-11 08:11:29] EDIT Waf2Py/controllers/Logs.py: 0
[2019-02-11 08:11:33] EDIT Waf2Py/controllers/Logs.py: -1
[2019-02-11 08:14:26] EDIT Waf2Py/controllers/Logs.py: 0
[2019-02-12 14:58:09] EDIT Waf2Py/controllers/Logs.py: 1
[2019-02-12 14:58:10] EDIT Waf2Py/controllers/Logs.py: 0
[2019-02-12 14:58:31] EDIT Waf2Py/controllers/Logs.py: -1
[2019-02-12 14:59:37] EDIT Waf2Py/controllers/Logs.py: 0
[2019-02-12 15:01:26] EDIT Waf2Py/controllers/Logs.py: 0
[2019-02-12 15:01:35] EDIT Waf2Py/controllers/Logs.py: 0
[2019-02-12 15:02:11] EDIT Waf2Py/controllers/Logs.py: 0
[2019-02-12 15:06:11] EDIT Waf2Py/controllers/Logs.py: 1
[2019-02-12 15:06:15] EDIT Waf2Py/controllers/Logs.py: -1
[2019-02-12 15:06:35] EDIT Waf2Py/controllers/Logs.py: 0
[2019-02-12 15:38:47] EDIT Waf2Py/controllers/Logs.py: 0
[2019-02-13 17:09:35] EDIT Waf2Py/static/js/parser_modsec3.js: 2
[2019-02-13 17:10:52] EDIT Waf2Py/static/js/parser_modsec3.js: 1
[2019-02-13 17:11:42] EDIT Waf2Py/static/js/parser_modsec3.js: 0
[2019-02-13 17:14:24] EDIT Waf2Py/static/js/parser_modsec3.js: 0
[2019-02-13 17:15:57] EDIT Waf2Py/views/Logs/Summary.html: 1
[2019-02-13 17:17:28] EDIT Waf2Py/static/js/parser_modsec3.js: 1
[2019-02-13 17:18:56] EDIT Waf2Py/views/Logs/Summary.html: 0
[2019-02-13 17:28:58] EDIT Waf2Py/views/Logs/Summary.html: 8
[2019-02-13 17:29:14] EDIT Waf2Py/views/Logs/Summary.html: 0
[2019-02-13 17:29:41] EDIT Waf2Py/views/Logs/Summary.html: 0
[2019-02-13 17:30:06] EDIT Waf2Py/views/Logs/Summary.html: 0
[2019-02-13 17:30:57] EDIT Waf2Py/views/Logs/Summary.html: 0
[2019-02-13 17:30:59] EDIT Waf2Py/views/Logs/Summary.html: 0
[2019-02-13 17:51:45] EDIT Waf2Py/views/Logs/Summary.html: 0
[2019-02-13 17:52:12] EDIT Waf2Py/views/Logs/Summary.html: 1
[2019-02-13 17:54:13] EDIT Waf2Py/static/js/parser_modsec3.js: 1
[2019-02-13 17:54:26] EDIT Waf2Py/static/js/parser_modsec3.js: 0
[2019-02-13 17:54:42] EDIT Waf2Py/views/Logs/Summary.html: 0
[2019-02-13 18:11:07] EDIT Waf2Py/controllers/Logs.py: 2
[2019-02-13 18:16:09] EDIT Waf2Py/controllers/Logs.py: 0
[2019-02-13 18:16:37] EDIT Waf2Py/controllers/Logs.py: 0
[2019-02-13 18:16:56] EDIT Waf2Py/views/Logs/Summary.html: -10
[2019-02-13 18:17:01] EDIT Waf2Py/controllers/Logs.py: 0
[2019-02-13 18:17:29] EDIT Waf2Py/controllers/Logs.py: 0
[2019-02-13 18:17:55] EDIT Waf2Py/views/Logs/Summary.html: -1
[2019-02-13 18:18:22] EDIT Waf2Py/controllers/Logs.py: 1
[2019-02-13 18:18:26] EDIT Waf2Py/controllers/Logs.py: 0
[2019-02-13 18:19:36] EDIT Waf2Py/controllers/Logs.py: 0
[2019-02-13 18:21:11] EDIT Waf2Py/controllers/Logs.py: 0
[2019-02-13 18:22:15] EDIT Waf2Py/controllers/Logs.py: 1
[2019-02-13 18:22:52] EDIT Waf2Py/controllers/Logs.py: 0
[2019-02-13 18:23:28] EDIT Waf2Py/controllers/Logs.py: 0
[2019-02-13 18:23:51] EDIT Waf2Py/controllers/Logs.py: 0
[2019-02-13 18:24:32] EDIT Waf2Py/views/Logs/Summary.html: 0
[2019-02-13 18:40:13] EDIT Waf2Py/controllers/Logs.py: 0
[2019-02-14 15:15:43] EDIT Waf2Py/controllers/Logs.py: -3
[2019-02-14 15:20:52] EDIT Waf2Py/controllers/Logs.py: 4
[2019-02-14 15:24:51] EDIT Waf2Py/controllers/Logs.py: 5
[2019-02-14 15:26:52] EDIT Waf2Py/controllers/Logs.py: 0
[2019-02-14 15:26:56] EDIT Waf2Py/controllers/Logs.py: 0
[2019-02-14 15:32:28] EDIT Waf2Py/controllers/Logs.py: 0
