[2018-08-06 17:14] admin: New Websites www.climbersoul.com
[2018-08-06 17:14] admin: Deploy: new deploy: www.climbersoul.com
[2018-08-06 18:23] admin: Delete app www.climbersoul.com
[2018-08-06 18:24] admin: New Websites www.climbersoul.com
[2018-08-06 18:24] admin: Deploy: new deploy: www.climbersoul.com
[2018-08-06 18:24] admin: Listen: www.climbersoul.com -> 192.168.104.130
[2018-08-06 18:24] admin: BackendIps: backend saved app www.climbersoul.com
[2018-08-06 18:25] admin: EnableApp: Enabled www.climbersoul.com
[2018-08-06 18:26] admin: DisableApp: www.climbersoul.com Disabled
[2018-08-06 18:26] admin: Delete app www.climbersoul.com
[2018-08-06 18:26] admin: New Websites www.recoleta.cl
[2018-08-06 18:26] admin: Deploy: new deploy: www.recoleta.cl
[2018-08-06 18:27] admin: BackendIps: backend saved app www.recoleta.cl
[2018-08-06 18:51] admin: EnableApp: Enabled www.recoleta.cl
[2018-08-06 19:55] admin: Delete app www.recoleta.cl
[2018-08-06 20:05] admin: New Websites www.recoleta.cl
[2018-08-06 20:05] admin: Deploy: new deploy: www.recoleta.cl
[2018-08-06 20:05] admin: BackendIps: backend saved app www.recoleta.cl
[2018-08-06 20:07] admin: EnableApp: Enabled www.recoleta.cl
[2018-08-06 20:09] admin: DisableApp: www.recoleta.cl Disabled
[2018-08-06 20:49] admin: Delete app www.recoleta.cl
[2018-08-06 20:50] admin: New Websites www.recoleta.cl
[2018-08-06 20:52] admin: Deleted App: Deleted www.recoleta.cl
[2018-08-06 20:52] admin: New Websites www.recoleta.cl
[2018-08-06 20:52] admin: Deploy: new deploy: www.recoleta.cl
[2018-08-06 20:53] admin: BackendIps: backend saved app www.recoleta.cl
[2018-08-06 20:53] admin: EnableApp: Enabled www.recoleta.cl
[2018-08-06 20:54] admin: DisableApp: www.recoleta.cl Disabled
[2018-08-06 20:54] admin: Delete app www.recoleta.cl
[2018-08-06 21:06] admin: New Websites www.recoleta.cl
[2018-08-06 21:06] admin: Deleted App: Deleted www.recoleta.cl
[2018-08-06 21:07] admin: New Websites www.recoleta.cl
[2018-08-06 21:07] admin: Deploy: new deploy: www.recoleta.cl
[2018-08-06 21:07] admin: BackendIps: backend saved app www.recoleta.cl
[2018-08-06 21:07] admin: EnableApp: Enabled www.recoleta.cl
[2018-08-06 21:20] admin: Delete app www.recoleta.cl
[2018-08-06 21:21] admin: New Websites www.recoleta.cl
[2018-08-06 21:21] admin: Deploy: new deploy: www.recoleta.cl
[2018-08-06 21:21] admin: BackendIps: backend saved app www.recoleta.cl
[2018-08-06 21:21] admin: EnableApp: Enabled www.recoleta.cl
[2018-08-06 21:23] admin: DisableApp: www.recoleta.cl Disabled
[2018-08-06 21:23] admin: Delete app www.recoleta.cl
[2018-08-06 21:32] admin: New Websites www.recoleta.cl
[2018-08-06 21:32] admin: Deploy: new deploy: www.recoleta.cl
[2018-08-06 21:33] admin: BackendIps: backend saved app www.recoleta.cl
[2018-08-06 21:33] admin: EnableApp: Enabled www.recoleta.cl
[2018-08-06 21:40] admin: DisableApp: www.recoleta.cl Disabled
[2018-08-06 21:40] admin: Delete app www.recoleta.cl
[2018-08-06 21:43] admin: New Websites www.recoleta.cl
[2018-08-06 21:43] admin: Deleted App: Deleted www.recoleta.cl
[2018-08-06 21:43] admin: New Websites www.recoleta.cl
[2018-08-06 21:43] admin: Deleted App: Deleted www.recoleta.cl
[2018-08-06 21:52] admin: New Websites www.recoleta.cl
[2018-08-06 21:52] admin: Deploy: new deploy: www.recoleta.cl
[2018-08-06 21:53] admin: BackendIps: backend saved app www.recoleta.cl
[2018-08-06 21:53] admin: EnableApp: Enabled www.recoleta.cl
[2018-08-07 16:22] admin: DisableApp: www.recoleta.cl Disabled
[2018-08-07 16:22] admin: Delete app www.recoleta.cl
[2018-08-07 17:58] admin: Deleted App: Deleted www.recoleta.cl
[2018-08-07 18:00] admin: New Websites www.recoleta.cl
[2018-08-07 18:12] admin: Deleted App: Deleted www.recoleta.cl
[2018-08-07 18:15] admin: New Websites www.recoleta.cl
[2018-08-07 18:18] admin: Deleted App: Deleted www.recoleta.cl
[2018-08-07 18:22] admin: New Websites www.recoleta.cl
[2018-08-07 18:24] admin: Deleted App: Deleted www.recoleta.cl
[2018-08-07 18:24] admin: New Websites www.recoleta.cl
[2018-08-07 18:36] admin: Deleted App: Deleted www.recoleta.cl
[2018-08-07 18:37] admin: New Websites www.recoleta.cl
[2018-08-07 18:37] admin: Deleted App: Deleted www.recoleta.cl
[2018-08-07 18:38] admin: New Websites www.recoleta.cl
[2018-08-07 18:39] admin: Deleted App: Deleted www.recoleta.cl
[2018-08-07 18:39] admin: New Websites www.recoleta.cl
[2018-08-07 18:43] admin: Deleted App: Deleted www.recoleta.cl
[2018-08-07 18:43] admin: New Websites www.recoleta.cl
[2018-08-08 15:35] admin: Deleted App: Deleted www.recoleta.cl
[2018-08-08 15:35] admin: Deleted App: Deleted www.recoleta.cl
[2018-08-08 15:35] admin: New Websites www.recoleta.cl
[2018-08-08 15:56] admin: Deleted App: Deleted www.recoleta.cl
[2018-08-08 15:56] admin: New Websites www.recoleta.cl
[2018-08-08 16:05] admin: Deleted App: Deleted www.recoleta.cl
[2018-08-08 16:05] admin: New Websites www.recoleta.cl
[2018-08-08 16:06] admin: Deleted App: Deleted www.recoleta.cl
[2018-08-08 16:06] admin: New Websites www.recoleta.cl
[2018-08-08 16:10] admin: Deleted App: Deleted www.recoleta.cl
[2018-08-08 16:10] admin: New Websites www.recoleta.cl
[2018-08-08 16:23] admin: Deleted App: Deleted www.recoleta.cl
[2018-08-08 16:23] admin: New Websites www.recoleta.cl
[2018-08-08 16:23] admin: Deleted App: Deleted www.recoleta.cl
[2018-08-08 16:24] admin: New Websites www.recoleta.cl
[2018-08-08 16:32] admin: Deleted App: Deleted www.recoleta.cl
[2018-08-08 16:32] admin: New Websites www.recoleta.cl
[2018-08-09 12:01] admin: Deleted App: Deleted www.recoleta.cl
[2018-08-09 12:02] admin: New Websites www.recoleta.cl
[2018-08-09 12:02] admin: Deleted App: Deleted www.recoleta.cl
[2018-08-09 12:03] admin: New Websites www.recoleta.cl
[2018-08-09 12:14] admin: Deleted App: Deleted www.recoleta.cl
[2018-08-09 12:14] admin: New Websites www.recoleta.cl
[2018-08-09 12:16] admin: Deleted App: Deleted www.recoleta.cl
[2018-08-09 12:16] admin: New Websites www.recoleta.cl
[2018-08-09 12:16] admin: Deleted App: Deleted www.recoleta.cl
[2018-08-09 12:16] admin: New Websites www.recoleta.cl
[2018-08-09 12:18] admin: Deleted App: Deleted www.recoleta.cl
[2018-08-09 12:18] admin: New Websites www.recoleta.cl
[2018-08-09 12:18] admin: Deploy: new deploy: www.recoleta.cl
[2018-08-09 12:19] admin: BackendIps: backend saved app www.recoleta.cl
[2018-08-09 12:20] admin: EnableApp: Enabled www.recoleta.cl
[2018-08-09 12:42] admin: Delete app www.recoleta.cl
[2018-08-09 12:42] admin: New Websites www.recoleta.cl
[2018-08-09 12:42] admin: Deploy: new deploy: www.recoleta.cl
[2018-08-09 12:43] admin: BackendIps: backend saved app www.recoleta.cl
[2018-08-09 12:43] admin: EnableApp: Enabled www.recoleta.cl
[2018-08-09 12:46] admin: Mode: prod www.recoleta.cl
[2018-08-09 12:48] admin: ModsEdit: prod saved configuration app: www.recoleta.cl
[2018-08-09 12:49] admin: Mode: prod www.recoleta.cl
[2018-08-09 17:06] admin: EngxEdit: prod saved configuration app: www.recoleta.cl
[2018-08-09 17:27] admin: EngxEdit: prod saved configuration app: www.recoleta.cl
[2018-08-09 17:38] admin: ModsEdit: prod saved configuration app: www.recoleta.cl
[2018-08-09 17:49] admin: ModsEdit: prod saved configuration app: www.recoleta.cl
[2018-08-09 18:07] admin: ModsEdit: prod saved configuration app: www.recoleta.cl
[2018-08-09 18:10] admin: DisableApp: www.recoleta.cl Disabled
[2018-08-09 18:10] admin: Delete app www.recoleta.cl
[2018-08-09 18:42] admin: New Websites www.recoleta.cl
[2018-08-09 18:42] admin: Deploy: new deploy: www.recoleta.cl
[2018-08-09 18:43] admin: BackendIps: backend saved app www.recoleta.cl
[2018-08-09 18:43] admin: EnableApp: Enabled www.recoleta.cl
[2018-08-09 18:44] admin: ModsEdit: prod saved configuration app: www.recoleta.cl
[2018-08-09 18:48] admin: ModsEdit: prod saved configuration app: www.recoleta.cl
[2018-08-09 18:49] admin: DisableApp: www.recoleta.cl Disabled
[2018-08-09 18:49] admin: Delete app www.recoleta.cl
[2018-08-13 14:38] admin: New Websites www.recoleta.cl
[2018-08-13 14:47] admin: Deleted App: Deleted www.recoleta.cl
[2018-08-13 14:47] admin: New Websites www.recoleta.cl
[2018-08-14 14:48] admin: Deleted App: Deleted www.recoleta.cl
[2018-08-14 14:48] admin: New Websites www.recoleta.cl
[2018-08-14 14:50] admin: Deploy: new deploy: www.recoleta.cl
[2018-08-14 14:50] admin: BackendIps: backend saved app www.recoleta.cl
[2018-08-14 14:52] admin: EnableApp: Enabled www.recoleta.cl
[2018-08-14 14:53] admin: DisableApp: www.recoleta.cl Disabled
[2018-08-14 14:54] admin: EnableApp: Enabled www.recoleta.cl
[2018-08-14 15:53] admin: ModsEdit: prod saved configuration app: www.recoleta.cl
[2018-08-14 16:05] admin: New Websites www.climbersoul.com
[2018-08-14 16:07] admin: Deleted App: Deleted www.climbersoul.com
[2018-08-14 16:09] admin: New Websites www.pirque.cl
[2018-08-14 16:10] admin: Deleted App: Deleted www.pirque.cl
[2018-08-14 16:10] admin: New Websites www.pirque.cl
[2018-08-14 16:12] admin: Deleted App: Deleted www.pirque.cl
[2018-08-14 16:13] admin: New Websites www.pirque.cl
[2018-08-14 16:13] admin: Deploy: new deploy: www.pirque.cl
[2018-08-14 16:15] admin: DisableApp: www.recoleta.cl Disabled
[2018-08-14 16:15] admin: Delete app www.pirque.cl
[2018-08-14 16:16] admin: Delete app www.recoleta.cl
[2018-08-14 16:16] admin: New Websites www.recoleta.cl
[2018-08-14 16:16] admin: Deploy: new deploy: www.recoleta.cl
[2018-08-14 16:16] admin: BackendIps: backend saved app www.recoleta.cl
[2018-08-14 16:17] admin: EnableApp: Enabled www.recoleta.cl
[2018-08-14 16:17] admin: ModsEdit: prod saved configuration app: www.recoleta.cl
[2018-08-14 16:18] admin: ModsEdit: prod saved configuration app: www.recoleta.cl
[2018-08-21 09:26] admin: DisableApp: www.recoleta.cl Disabled
[2018-08-21 09:26] admin: Delete app www.recoleta.cl
[2018-08-21 09:26] admin: New Websites www.recoleta.cl
[2018-08-21 09:26] admin: Deploy: new deploy: www.recoleta.cl
[2018-08-21 09:28] admin: BackendIps: backend saved app www.recoleta.cl
[2018-08-21 09:28] admin: EnableApp: Enabled www.recoleta.cl
[2018-08-21 09:30] admin: ModsEdit: prod saved configuration app: www.recoleta.cl
[2018-08-21 12:47] admin: BackendIps: backend saved app www.recoleta.cl
[2018-08-21 14:28] admin: BackendIps: backend saved app www.recoleta.cl
[2018-08-22 15:43] admin: BackendIps: backend saved app www.recoleta.cl
[2018-08-22 15:49] admin: DisableApp: www.recoleta.cl Disabled
[2018-08-22 15:49] admin: Delete app www.recoleta.cl
[2018-08-22 15:49] admin: New Websites www.recoleta.cl
[2018-08-22 15:49] admin: Deploy: new deploy: www.recoleta.cl
[2018-08-22 15:50] admin: BackendIps: backend saved app www.recoleta.cl
[2018-08-22 15:50] admin: EnableApp: Enabled www.recoleta.cl
[2018-08-22 15:55] admin: BackendIps: backend saved app www.recoleta.cl
[2018-08-21 16:39] admin: DisableApp: www.recoleta.cl Disabled
[2018-08-21 16:39] admin: Delete app www.recoleta.cl
[2018-08-21 16:40] admin: New Websites www.recoleta.cl
[2018-08-21 16:40] admin: Deploy: new deploy: www.recoleta.cl
[2018-08-21 16:41] admin: BackendIps: backend saved app www.recoleta.cl
[2018-08-21 16:44] admin: EnableApp: Enabled www.recoleta.cl
[2018-08-24 20:06] admin: BackendIps: backend saved app www.recoleta.cl
[2018-08-24 20:09] admin: Mode: prod www.recoleta.cl
[2018-09-03 19:06] admin: Mode: prod www.recoleta.cl
[2018-09-03 23:02] admin: BackendIps: backend saved app www.recoleta.cl
[2018-09-04 17:32] admin: XssFilter: www.recoleta.clXSS Protection Enabled
[2018-09-04 19:27] admin: DisableApp: www.recoleta.cl Disabled
[2018-09-04 19:28] admin: EnableApp: Enabled www.recoleta.cl
[2019-01-02 13:37] admin: ModsEdit: prod saved configuration app: www.recoleta.cl
[2019-01-02 16:07] admin: New Websites www.damian.com
[2019-01-02 16:07] admin: Deploy: new deploy: www.damian.com
[2019-01-03 12:11] admin: New Websites www.climbersoul.com
[2019-01-03 12:16] admin: Deleted App: Deleted www.climbersoul.com
[2019-01-03 12:16] admin: New Websites www.climbersoul.com
[2019-01-03 12:16] admin: Deploy: new deploy: www.climbersoul.com
[2019-01-03 12:16] admin: Delete app www.climbersoul.com
[2019-01-03 12:16] admin: New Websites www.climbersoul.com
[2019-01-03 15:50] admin: Manage rules: Rule: DRUPAL EXCLUSION RULES On
[2019-01-03 15:50] admin: Manage rules: Rule: DRUPAL EXCLUSION RULES Off
[2019-01-03 16:07] admin: Manage rules: Rule: REQUEST-905-COMMON-EXCEPTIONS Off
[2019-01-03 16:22] admin: Manage rules: Rule: REQUEST-901-REQUEST-903.9001-DRUPAL-EXCLUSION-RULES Off
[2019-01-03 16:29] admin: Manage rules: Rule: REQUEST-903.9001-DRUPAL-EXCLUSION-RULES Off
[2019-01-03 16:30] admin: Manage rules: Rule: REQUEST-903.9001-DRUPAL-EXCLUSION-RULES Off
[2019-01-03 16:30] admin: Manage rules: Rule: REQUEST-903.9001-DRUPAL-EXCLUSION-RULES Off
[2019-01-03 16:30] admin: Manage rules: Rule: REQUEST-903.9001-DRUPAL-EXCLUSION-RULES On
[2019-01-03 16:31] admin: ModsEdit: prod saved configuration app: www.damian.com
[2019-01-03 16:36] admin: Delete app www.damian.com
[2019-01-03 16:39] admin: Manage rules: Rule: REQUEST-903.9002-WORDPRESS-EXCLUSION-RULES Off
[2019-01-03 16:39] admin: Manage rules: Rule: REQUEST-903.9002-WORDPRESS-EXCLUSION-RULES On
[2019-01-09 12:30] admin: DisableApp: www.recoleta.cl Disabled
[2019-01-09 12:30] admin: Delete app www.recoleta.cl
[2019-01-09 12:30] admin: New Websites www.pirque.cl
[2019-01-09 12:30] admin: Deleted App: Deleted www.climbersoul.com
[2019-01-09 12:30] admin: Deploy: new deploy: www.pirque.cl
[2019-01-09 12:32] admin: EnableApp: Enabled www.pirque.cl
[2019-01-09 12:32] admin: BackendIps: backend saved app www.pirque.cl
[2019-01-09 12:32] admin: DisableApp: www.pirque.cl Disabled
[2019-01-09 12:32] admin: EnableApp: Enabled www.pirque.cl
[2019-01-09 12:35] admin: DisableApp: www.pirque.cl Disabled
[2019-01-09 12:35] admin: Delete app www.pirque.cl
[2019-01-09 12:35] admin: New Websites www.mcerrillos.cl
[2019-01-09 12:35] admin: Deploy: new deploy: www.mcerrillos.cl
[2019-01-09 12:35] admin: BackendIps: backend saved app www.mcerrillos.cl
[2019-01-09 12:35] admin: EnableApp: Enabled www.mcerrillos.cl
[2019-01-22 14:37] admin: DisableApp: www.mcerrillos.cl Disabled
[2019-01-22 14:38] admin: Delete app www.mcerrillos.cl
[2019-01-25 16:07] admin: New Websites www.mcerrillos.cl
[2019-01-25 16:07] admin: Deploy: new deploy: www.mcerrillos.cl
[2019-01-25 16:10] admin: BackendIps: backend saved app www.mcerrillos.cl
[2019-01-25 16:11] admin: EnableApp: Enabled www.mcerrillos.cl
[2019-01-25 16:14] admin: EngxEdit: prod saved configuration app: www.mcerrillos.cl
[2019-01-25 16:15] admin: EngxEdit: prod saved configuration app: www.mcerrillos.cl
[2019-01-25 16:17] admin: EngxEdit: prod saved configuration app: www.mcerrillos.cl
[2019-01-25 16:18] admin: EngxEdit: prod saved configuration app: www.mcerrillos.cl
[2019-01-25 16:23] admin: EngxEdit: prod saved configuration app: www.mcerrillos.cl
[2019-01-25 16:24] admin: EngxEdit: prod saved configuration app: www.mcerrillos.cl
[2019-01-29 16:47] admin: Manage rules: Rule: REQUEST-903.9001-DRUPAL-EXCLUSION-RULES Off
[2019-01-29 16:47] admin: Manage rules: Rule: REQUEST-903.9001-DRUPAL-EXCLUSION-RULES On
[2019-01-29 16:47] admin: Manage rules: Rule: REQUEST-903.9001-DRUPAL-EXCLUSION-RULES Off
[2019-01-29 17:05] admin: Manage rules: Rule: REQUEST-903.9001-DRUPAL-EXCLUSION-RULES Off
[2019-01-29 17:11] admin: Manage rules: Rule: REQUEST-903.9001-DRUPAL-EXCLUSION-RULES On
[2019-01-29 17:30] admin: Manage rules: Rule: REQUEST-903.9001-DRUPAL-EXCLUSION-RULES On
[2019-01-29 17:31] admin: Manage rules: Rule: REQUEST-942-APPLICATION-ATTACK-SQLI On
[2019-01-29 17:31] admin: Manage rules: Rule: REQUEST-941-APPLICATION-ATTACK-XSS On
[2019-01-29 17:31] admin: Manage rules: Rule: REQUEST-933-APPLICATION-ATTACK-PHP On
[2019-01-29 18:02] admin: Manage rules: Rule: REQUEST-903.9002-WORDPRESS-EXCLUSION-RULES On
[2019-01-29 18:02] admin: Manage rules: Rule: REQUEST-942-APPLICATION-ATTACK-SQLI Off
[2019-01-29 18:03] admin: Manage rules: Rule: REQUEST-941-APPLICATION-ATTACK-XSS Off
[2019-01-29 18:03] admin: Manage rules: Rule: REQUEST-933-APPLICATION-ATTACK-PHP Off
[2019-01-29 18:08] admin: DisableApp: www.mcerrillos.cl Disabled
[2019-01-29 18:08] admin: Delete app www.mcerrillos.cl
[2019-01-29 18:37] admin: New Websites www.mcerrillos.cl
[2019-01-29 18:37] admin: Deploy: new deploy: www.mcerrillos.cl
[2019-01-29 18:54] admin: Manage rules: Rule: REQUEST-903.9001-DRUPAL-EXCLUSION-RULES On
[2019-01-29 18:54] admin: Manage rules: Rule: REQUEST-903.9002-WORDPRESS-EXCLUSION-RULES On
[2019-01-29 18:54] admin: Manage rules: Rule: REQUEST-905-COMMON-EXCEPTIONS On
[2019-01-29 18:54] admin: Manage rules: Rule: REQUEST-910-IP-REPUTATION On
[2019-01-29 18:54] admin: Manage rules: Rule: REQUEST-911-METHOD-ENFORCEMENT On
[2019-01-29 18:54] admin: Manage rules: Rule: REQUEST-912-DOS-PROTECTION On
[2019-01-29 18:54] admin: Manage rules: Rule: REQUEST-913-SCANNER-DETECTION On
[2019-01-29 18:54] admin: Manage rules: Rule: REQUEST-920-PROTOCOL-ENFORCEMENT On
[2019-01-29 18:54] admin: Manage rules: Rule: REQUEST-921-PROTOCOL-ATTACK On
[2019-01-29 19:15] admin: Deleted App: Deleted www.recoleta.cl
[2019-01-29 19:15] admin: New Websites www.recoleta.cl
[2019-01-29 19:18] admin: Deploy: new deploy: www.recoleta.cl
[2019-01-29 19:19] admin: Delete app www.mcerrillos.cl
[2019-01-29 19:19] admin: Delete app www.recoleta.cl
[2019-01-29 19:19] admin: New Websites www.recoleta.cl
[2019-01-29 19:19] admin: Deploy: new deploy: www.recoleta.cl
[2019-01-29 19:20] admin: Delete app www.recoleta.cl
[2019-01-29 19:20] admin: New Websites www.recoleta.cl
[2019-01-29 19:20] admin: Deploy: new deploy: www.recoleta.cl
[2019-01-29 19:20] admin: Delete app www.recoleta.cl
[2019-01-29 19:20] admin: New Websites www.recoleta.cl
[2019-01-29 19:21] admin: Deploy: new deploy: www.recoleta.cl
[2019-01-29 19:23] admin: Delete app www.recoleta.cl
[2019-01-29 19:23] admin: New Websites www.recoleta.cl
[2019-01-29 19:23] admin: Deploy: new deploy: www.recoleta.cl
[2019-01-29 19:26] admin: Delete app www.recoleta.cl
[2019-01-29 19:26] admin: New Websites www.recoleta.cl
[2019-01-29 19:26] admin: Deploy: new deploy: www.recoleta.cl
[2019-01-29 19:28] admin: Delete app www.recoleta.cl
[2019-01-29 19:29] admin: New Websites www.recoleta.cl
[2019-01-29 19:29] admin: Deploy: new deploy: www.recoleta.cl
[2019-01-29 19:29] admin: Manage rules: Rule: REQUEST-903.9001-DRUPAL-EXCLUSION-RULES Off
[2019-01-29 19:29] admin: Manage rules: Rule: REQUEST-903.9001-DRUPAL-EXCLUSION-RULES On
[2019-01-30 18:09] admin: Deleted App: Deleted www.recoleta.cl
[2019-01-30 18:09] admin: New Websites www.recoleta.cl
[2019-01-30 18:09] admin: Deploy: new deploy: www.recoleta.cl
[2019-01-30 18:10] admin: BackendIps: backend saved app www.recoleta.cl
[2019-01-30 18:10] admin: EnableApp: Enabled www.recoleta.cl
[2019-01-30 18:18] admin: EngxEdit: prod saved configuration app: www.recoleta.cl
[2019-01-30 18:29] admin: DisableApp: www.recoleta.cl Disabled
[2019-01-30 18:29] admin: Delete app www.recoleta.cl
[2019-01-30 18:29] admin: New Websites www.recoleta.cl
[2019-01-30 18:29] admin: Deploy: new deploy: www.recoleta.cl
[2019-01-30 18:30] admin: BackendIps: backend saved app www.recoleta.cl
[2019-01-30 18:30] admin: EnableApp: Enabled www.recoleta.cl
[2019-01-30 18:34] admin: New Websites www.recoleta.cl
[2019-01-30 18:34] admin: Deploy: new deploy: www.recoleta.cl
[2019-01-30 18:34] admin: BackendIps: backend saved app www.recoleta.cl
[2019-01-30 18:35] admin: EnableApp: Enabled www.recoleta.cl
[2019-01-30 18:36] admin: New Websites www.mcerrillos.cl
[2019-01-30 18:36] admin: Deploy: new deploy: www.mcerrillos.cl
[2019-01-30 18:36] admin: DisableApp: www.recoleta.cl Disabled
[2019-01-30 18:37] admin: Delete app www.recoleta.cl
[2019-01-30 18:37] admin: BackendIps: backend saved app www.mcerrillos.cl
[2019-01-30 18:37] admin: EnableApp: Enabled www.mcerrillos.cl
[2019-01-30 19:23] admin: New Websites www.mcerrillos.cl
[2019-01-30 19:23] admin: Deploy: new deploy: www.mcerrillos.cl
[2019-01-30 19:24] admin: BackendIps: backend saved app www.mcerrillos.cl
[2019-01-30 19:24] admin: EnableApp: Enabled www.mcerrillos.cl
[2019-01-30 19:54] admin: Mode: prod www.mcerrillos.cl
[2019-01-30 19:56] admin: Mode: prod www.mcerrillos.cl
[2019-01-30 19:57] admin: Mode: prod www.mcerrillos.cl
[2019-01-30 23:35] admin: New Websites www.mcerrillos.cl
[2019-01-30 23:35] admin: Deploy: new deploy: www.mcerrillos.cl
[2019-01-30 23:37] admin: BackendIps: backend saved app www.mcerrillos.cl
[2019-01-30 23:37] admin: EnableApp: Enabled www.mcerrillos.cl
[2019-02-01 22:35] admin: DisableApp: www.mcerrillos.cl Disabled
[2019-02-01 22:35] admin: Delete app www.mcerrillos.cl
[2019-02-09 09:37] admin: New Websites www.mcerrillos.cl
[2019-02-09 09:37] admin: Deploy: new deploy: www.mcerrillos.cl
[2019-02-09 09:37] admin: BackendIps: backend saved app www.mcerrillos.cl
[2019-02-09 09:37] admin: EnableApp: Enabled www.mcerrillos.cl
[2019-02-09 09:49] admin: DisableApp: www.mcerrillos.cl Disabled
[2019-02-09 09:49] admin: Delete app www.mcerrillos.cl
[2019-02-09 10:04] admin: New Websites www.mcerrillos.cl
[2019-02-09 10:04] admin: Deploy: new deploy: www.mcerrillos.cl
[2019-02-09 10:06] admin: BackendIps: backend saved app www.mcerrillos.cl
[2019-02-09 10:06] admin: EnableApp: Enabled www.mcerrillos.cl
[2019-02-09 11:07] admin: DisableApp: www.mcerrillos.cl Disabled
[2019-02-09 11:07] admin: Delete app www.mcerrillos.cl
[2019-02-09 11:07] admin: New Websites www.cerronavia.cl
[2019-02-09 11:07] admin: Deploy: new deploy: www.cerronavia.cl
[2019-02-09 11:07] admin: BackendIps: backend saved app www.cerronavia.cl
[2019-02-09 11:07] admin: EnableApp: Enabled www.cerronavia.cl
[2019-02-09 11:10] admin: Manage rules: Rule: REQUEST-942-APPLICATION-ATTACK-SQLI Off
[2019-02-09 11:18] admin: Manage rules: Rule: REQUEST-942-APPLICATION-ATTACK-SQLI On
[2019-02-09 11:19] admin: Manage rules: Rule: REQUEST-942-APPLICATION-ATTACK-SQLI Off
[2019-02-09 11:19] admin: ModsEdit: prod saved configuration app: www.cerronavia.cl
[2019-02-09 11:21] admin: Manage rules: Rule: REQUEST-942-APPLICATION-ATTACK-SQLI On
[2019-02-09 11:22] admin: Manage rules: Rule: REQUEST-941-APPLICATION-ATTACK-XSS Off
[2019-02-09 11:23] admin: Manage rules: Rule: REQUEST-942-APPLICATION-ATTACK-SQLI Off
[2019-02-09 11:27] admin: Manage rules: Rule: REQUEST-941-APPLICATION-ATTACK-XSS On
[2019-02-09 11:27] admin: Manage rules: Rule: REQUEST-941-APPLICATION-ATTACK-XSS Off
[2019-02-09 11:28] admin: DisableApp: www.cerronavia.cl Disabled
[2019-02-09 11:28] admin: Delete app www.cerronavia.cl
[2019-02-09 11:28] admin: New Websites www.cerronavia.cl
[2019-02-09 11:28] admin: Deploy: new deploy: www.cerronavia.cl
[2019-02-09 11:29] admin: Delete app www.cerronavia.cl
[2019-02-09 11:32] admin: New Websites www.cerronavia.cl
[2019-02-09 11:32] admin: Deploy: new deploy: www.cerronavia.cl
[2019-02-09 11:33] admin: BackendIps: backend saved app www.cerronavia.cl
[2019-02-09 11:33] admin: EnableApp: Enabled www.cerronavia.cl
[2019-02-09 11:34] admin: Manage rules: Rule: REQUEST-941-APPLICATION-ATTACK-XSS Off
[2019-02-09 11:34] admin: Manage rules: Rule: REQUEST-942-APPLICATION-ATTACK-SQLI Off
[2019-02-09 11:34] admin: Manage rules: Rule: REQUEST-942-APPLICATION-ATTACK-SQLI On
[2019-02-09 11:35] admin: DisableApp: www.cerronavia.cl Disabled
[2019-02-09 11:35] admin: Delete app www.cerronavia.cl
[2019-02-09 11:50] admin: New Websites www.cerronavia.cl
[2019-02-09 11:50] admin: Deploy: new deploy: www.cerronavia.cl
[2019-02-09 11:51] admin: BackendIps: backend saved app www.cerronavia.cl
[2019-02-09 11:51] admin: EnableApp: Enabled www.cerronavia.cl
[2019-02-09 11:52] admin: Manage rules: Rule: REQUEST-941-APPLICATION-ATTACK-XSS Off
[2019-02-09 11:52] admin: Manage rules: Rule: REQUEST-941-APPLICATION-ATTACK-XSS On
[2019-02-09 12:01] admin: DisableApp: www.cerronavia.cl Disabled
[2019-02-09 12:01] admin: Delete app www.cerronavia.cl
[2019-02-09 19:38] admin: New Websites www.cerronavia.cl
[2019-02-09 19:38] admin: Deploy: new deploy: www.cerronavia.cl
[2019-02-09 19:38] admin: BackendIps: backend saved app www.cerronavia.cl
[2019-02-09 19:38] admin: EnableApp: Enabled www.cerronavia.cl
[2019-02-10 13:44] admin: DisableApp: www.cerronavia.cl Disabled
[2019-02-10 13:44] admin: Delete app www.cerronavia.cl
[2019-02-11 08:11] admin: New Websites www.cerronavia.cl
[2019-02-11 08:12] admin: Deploy: new deploy: www.cerronavia.cl
[2019-02-11 08:12] admin: BackendIps: backend saved app www.cerronavia.cl
[2019-02-11 08:13] admin: EnableApp: Enabled www.cerronavia.cl
[2019-02-12 14:29] admin: DisableApp: www.cerronavia.cl Disabled
[2019-02-12 14:29] admin: Delete app www.cerronavia.cl
[2019-02-12 14:35] admin: New Websites www.cerrillos.cl
[2019-02-12 14:35] admin: Deploy: new deploy: www.cerrillos.cl
[2019-02-12 14:36] admin: BackendIps: backend saved app www.cerrillos.cl
[2019-02-12 14:38] admin: EnableApp: Enabled www.cerrillos.cl
[2019-02-12 14:41] admin: DisableApp: www.cerrillos.cl Disabled
[2019-02-12 14:41] admin: Delete app www.cerrillos.cl
[2019-02-12 14:45] admin: New Websites www.cerronavia.cl
[2019-02-12 14:45] admin: Deploy: new deploy: www.cerronavia.cl
[2019-02-12 14:46] admin: BackendIps: backend saved app www.cerronavia.cl
[2019-02-12 14:46] admin: EnableApp: Enabled www.cerronavia.cl
[2019-02-12 15:40] admin: DisableApp: www.cerronavia.cl Disabled
[2019-02-12 15:40] admin: Delete app www.cerronavia.cl
[2019-02-12 16:11] admin: New Websites www.cerronavia.cl
[2019-02-12 16:11] admin: Deploy: new deploy: www.cerronavia.cl
[2019-02-12 16:12] admin: BackendIps: backend saved app www.cerronavia.cl
[2019-02-12 16:12] admin: EnableApp: Enabled www.cerronavia.cl
[2019-02-12 16:18] admin: DisableApp: www.cerronavia.cl Disabled
[2019-02-12 16:18] admin: Delete app www.cerronavia.cl
[2019-02-12 16:27] admin: New Websites www.cerronavia.cl
[2019-02-12 16:27] admin: Deploy: new deploy: www.cerronavia.cl
[2019-02-12 16:28] admin: BackendIps: backend saved app www.cerronavia.cl
[2019-02-12 16:28] admin: EnableApp: Enabled www.cerronavia.cl
[2019-02-13 19:05] admin: DisableApp: www.cerronavia.cl Disabled
[2019-02-13 19:06] admin: Delete app www.cerronavia.cl
[2019-02-14 15:35] admin: New Websites www.cerronavia.cl
[2019-02-14 15:35] admin: Deploy: new deploy: www.cerronavia.cl
[2019-02-14 15:37] admin: BackendIps: backend saved app www.cerronavia.cl
[2019-02-14 15:38] admin: EnableApp: Enabled www.cerronavia.cl
[2019-02-14 15:42] admin: DisableApp: www.cerronavia.cl Disabled
[2019-02-14 15:42] admin: Delete app www.cerronavia.cl
