Logs cleaned
Reloading nginx
Failed, nginx is not running
Mon Aug 13 12:00:01 EDT 2018 - Removing temporal files in static/logs
Mon Aug 13 12:00:01 EDT 2018 - Removing temporal files in static/logs
Files deleted
Files deleted
Mon Aug 13 12:00:01 EDT 2018 - Starting logs cleaning
Mon Aug 13 12:00:01 EDT 2018 - Starting logs cleaning
Logs cleaned
Reloading nginx
Logs cleaned
Reloading nginx
Reload Succesfull
Reload Succesfull
Mon Aug 13 14:00:01 EDT 2018 - Removing temporal files in static/logs
Files deleted
Mon Aug 13 14:00:01 EDT 2018 - Removing temporal files in static/logs
Files deleted
Mon Aug 13 14:00:01 EDT 2018 - Starting logs cleaning
Logs cleaned
Reloading nginx
Mon Aug 13 14:00:01 EDT 2018 - Starting logs cleaning
Logs cleaned
Reloading nginx
Mon Aug 13 16:00:01 EDT 2018 - Removing temporal files in static/logs
Mon Aug 13 16:00:01 EDT 2018 - Removing temporal files in static/logs
Files deleted
Files deleted
Mon Aug 13 16:00:01 EDT 2018 - Starting logs cleaning
Mon Aug 13 16:00:01 EDT 2018 - Starting logs cleaning
Logs cleaned
Logs cleaned
Reloading nginx
Reloading nginx
Tue Aug 14 16:00:01 EDT 2018 - Removing temporal files in static/logs
Files deleted
Tue Aug 14 16:00:01 EDT 2018 - Starting logs cleaning
Cleaning not usefull logs for: www.recoleta.cl
2 logs removed because their are ligitimal request
Logs cleaned
Reloading nginx
Reload Succesfull
Tue Aug 14 18:00:01 EDT 2018 - Removing temporal files in static/logs
Files deleted
Tue Aug 14 18:00:01 EDT 2018 - Starting logs cleaning
Cleaning not usefull logs for: www.recoleta.cl
0 logs removed because their are ligitimal request
Logs cleaned
Reloading nginx
Reload Succesfull
Wed Aug 15 14:00:01 EDT 2018 - Removing temporal files in static/logs
Files deleted
Wed Aug 15 14:00:01 EDT 2018 - Starting logs cleaning
Cleaning not usefull logs for: www.recoleta.cl
0 logs removed because their are ligitimal request
Logs cleaned
Reloading nginx
Reload Succesfull
Wed Aug 15 16:00:01 EDT 2018 - Removing temporal files in static/logs
Files deleted
Wed Aug 15 16:00:01 EDT 2018 - Starting logs cleaning
Cleaning not usefull logs for: www.recoleta.cl
0 logs removed because their are ligitimal request
Logs cleaned
Reloading nginx
Reload Succesfull
Wed Aug 15 18:00:01 EDT 2018 - Removing temporal files in static/logs
Files deleted
Wed Aug 15 18:00:01 EDT 2018 - Starting logs cleaning
Cleaning not usefull logs for: www.recoleta.cl
0 logs removed because their are ligitimal request
Logs cleaned
Reloading nginx
Reload Succesfull
Fri Aug 17 16:00:01 EDT 2018 - Removing temporal files in static/logs
Files deleted
Fri Aug 17 16:00:01 EDT 2018 - Starting logs cleaning
Cleaning not usefull logs for: www.recoleta.cl
0 logs removed because their are ligitimal request
Logs cleaned
Reloading nginx
Reload Succesfull
Mon Aug 20 20:00:01 EDT 2018 - Removing temporal files in static/logs
Files deleted
Mon Aug 20 20:00:01 EDT 2018 - Starting logs cleaning
Cleaning not usefull logs for: www.recoleta.cl
0 logs removed because their are ligitimal request
Logs cleaned
Reloading nginx
Reload Succesfull
Tue Aug 21 10:00:01 EDT 2018 - Removing temporal files in static/logs
Tue Aug 21 10:00:01 EDT 2018 - Removing temporal files in static/logs
Files deleted
Files deleted
Tue Aug 21 10:00:01 EDT 2018 - Starting logs cleaning
Cleaning not usefull logs for: www.recoleta.cl
0 logs removed because their are ligitimal request
Logs cleaned
Reloading nginx
Tue Aug 21 10:00:01 EDT 2018 - Starting logs cleaning
Cleaning not usefull logs for: www.recoleta.cl
0 logs removed because their are ligitimal request
Logs cleaned
Reloading nginx
Reload Succesfull
Reload Succesfull
Tue Aug 21 12:00:01 EDT 2018 - Removing temporal files in static/logs
Tue Aug 21 12:00:01 EDT 2018 - Removing temporal files in static/logs
Files deleted
Files deleted
Tue Aug 21 12:00:01 EDT 2018 - Starting logs cleaning
Tue Aug 21 12:00:01 EDT 2018 - Starting logs cleaning
Cleaning not usefull logs for: www.recoleta.cl
Cleaning not usefull logs for: www.recoleta.cl
0 logs removed because their are ligitimal request
0 logs removed because their are ligitimal request
Cleaning not usefull logs for: www.recoleta.cl
Cleaning not usefull logs for: www.recoleta.cl
0 logs removed because their are ligitimal request
0 logs removed because their are ligitimal request
Logs cleaned
Reloading nginx
Logs cleaned
Reloading nginx
Reload Succesfull
Reload Succesfull
Tue Aug 21 14:00:01 EDT 2018 - Removing temporal files in static/logs
Tue Aug 21 14:00:01 EDT 2018 - Removing temporal files in static/logs
Files deleted
Files deleted
Tue Aug 21 14:00:01 EDT 2018 - Starting logs cleaning
Tue Aug 21 14:00:01 EDT 2018 - Starting logs cleaning
Cleaning not usefull logs for: www.recoleta.cl
Cleaning not usefull logs for: www.recoleta.cl
0 logs removed because their are ligitimal request
0 logs removed because their are ligitimal request
Cleaning not usefull logs for: www.recoleta.cl
Cleaning not usefull logs for: www.recoleta.cl
0 logs removed because their are ligitimal request
0 logs removed because their are ligitimal request
Logs cleaned
Reloading nginx
Logs cleaned
Reloading nginx
Reload Succesfull
Reload Succesfull
Tue Aug 21 16:00:02 EDT 2018 - Removing temporal files in static/logs
Tue Aug 21 16:00:02 EDT 2018 - Removing temporal files in static/logs
Files deleted
Files deleted
Tue Aug 21 16:00:02 EDT 2018 - Starting logs cleaning
Tue Aug 21 16:00:02 EDT 2018 - Starting logs cleaning
Cleaning not usefull logs for: www.recoleta.cl
Cleaning not usefull logs for: www.recoleta.cl
0 logs removed because their are ligitimal request
0 logs removed because their are ligitimal request
Cleaning not usefull logs for: www.recoleta.cl
Cleaning not usefull logs for: www.recoleta.cl
0 logs removed because their are ligitimal request
0 logs removed because their are ligitimal request
Logs cleaned
Reloading nginx
Logs cleaned
Reloading nginx
Reload Succesfull
Reload Succesfull
Wed Aug 22 14:00:01 EDT 2018 - Removing temporal files in static/logs
Files deleted
Wed Aug 22 14:00:01 EDT 2018 - Starting logs cleaning
Cleaning not usefull logs for: www.recoleta.cl
0 logs removed because their are ligitimal request
Logs cleaned
Reloading nginx
Reload Succesfull
Wed Aug 22 16:00:01 EDT 2018 - Removing temporal files in static/logs
Files deleted
Wed Aug 22 16:00:01 EDT 2018 - Starting logs cleaning
Cleaning not usefull logs for: www.recoleta.cl
0 logs removed because their are ligitimal request
Logs cleaned
Reloading nginx
Reload Succesfull
Wed Aug 22 18:00:01 EDT 2018 - Removing temporal files in static/logs
Files deleted
Wed Aug 22 18:00:01 EDT 2018 - Starting logs cleaning
Cleaning not usefull logs for: www.recoleta.cl
0 logs removed because their are ligitimal request
Logs cleaned
Reloading nginx
Reload Succesfull
Thu Aug 23 00:00:01 EDT 2018 - Removing temporal files in static/logs
Thu Aug 23 00:00:01 EDT 2018 - Removing temporal files in static/logs
Files deleted
Files deleted
Thu Aug 23 00:00:01 EDT 2018 - Starting logs cleaning
Thu Aug 23 00:00:01 EDT 2018 - Starting logs cleaning
Cleaning not usefull logs for: www.recoleta.cl
Cleaning not usefull logs for: www.recoleta.cl
0 logs removed because their are ligitimal request
0 logs removed because their are ligitimal request
Cleaning not usefull logs for: www.recoleta.cl
Cleaning not usefull logs for: www.recoleta.cl
0 logs removed because their are ligitimal request
0 logs removed because their are ligitimal request
Logs cleaned
Reloading nginx
Logs cleaned
Reloading nginx
Reload Succesfull
Reload Succesfull
Thu Aug 23 02:00:01 EDT 2018 - Removing temporal files in static/logs
Thu Aug 23 02:00:01 EDT 2018 - Removing temporal files in static/logs
Files deleted
Files deleted
Thu Aug 23 02:00:01 EDT 2018 - Starting logs cleaning
Thu Aug 23 02:00:01 EDT 2018 - Starting logs cleaning
Cleaning not usefull logs for: www.recoleta.cl
Cleaning not usefull logs for: www.recoleta.cl
0 logs removed because their are ligitimal request
0 logs removed because their are ligitimal request
Cleaning not usefull logs for: www.recoleta.cl
Cleaning not usefull logs for: www.recoleta.cl
0 logs removed because their are ligitimal request
0 logs removed because their are ligitimal request
Logs cleaned
Reloading nginx
Logs cleaned
Reloading nginx
Reload Succesfull
Reload Succesfull
Thu Aug 23 08:00:01 EDT 2018 - Removing temporal files in static/logs
Files deleted
Thu Aug 23 08:00:02 EDT 2018 - Removing temporal files in static/logs
Files deleted
Thu Aug 23 08:00:01 EDT 2018 - Starting logs cleaning
Cleaning not usefull logs for: www.recoleta.cl
0 logs removed because their are ligitimal request
Logs cleaned
Reloading nginx
Thu Aug 23 08:00:02 EDT 2018 - Starting logs cleaning
Cleaning not usefull logs for: www.recoleta.cl
0 logs removed because their are ligitimal request
Logs cleaned
Reloading nginx
Thu Aug 23 10:00:01 EDT 2018 - Removing temporal files in static/logs
Thu Aug 23 10:00:01 EDT 2018 - Removing temporal files in static/logs
Files deleted
Files deleted
Thu Aug 23 10:00:01 EDT 2018 - Starting logs cleaning
Thu Aug 23 10:00:01 EDT 2018 - Starting logs cleaning
Cleaning not usefull logs for: www.recoleta.cl
Cleaning not usefull logs for: www.recoleta.cl
0 logs removed because their are ligitimal request
0 logs removed because their are ligitimal request
Cleaning not usefull logs for: www.recoleta.cl
Cleaning not usefull logs for: www.recoleta.cl
0 logs removed because their are ligitimal request
Logs cleaned
Reloading nginx
0 logs removed because their are ligitimal request
Logs cleaned
Reloading nginx
Failed, nginx is not running
Failed, nginx is not running
Thu Aug 23 12:00:01 EDT 2018 - Removing temporal files in static/logs
Thu Aug 23 12:00:01 EDT 2018 - Removing temporal files in static/logs
Files deleted
Files deleted
Thu Aug 23 12:00:01 EDT 2018 - Starting logs cleaning
Thu Aug 23 12:00:01 EDT 2018 - Starting logs cleaning
Cleaning not usefull logs for: www.recoleta.cl
Cleaning not usefull logs for: www.recoleta.cl
0 logs removed because their are ligitimal request
0 logs removed because their are ligitimal request
Cleaning not usefull logs for: www.recoleta.cl
Cleaning not usefull logs for: www.recoleta.cl
0 logs removed because their are ligitimal request
Logs cleaned
Reloading nginx
0 logs removed because their are ligitimal request
Logs cleaned
Reloading nginx
Failed, nginx is not running
Failed, nginx is not running
Thu Aug 23 16:00:02 EDT 2018 - Removing temporal files in static/logs
Thu Aug 23 16:00:02 EDT 2018 - Removing temporal files in static/logs
Files deleted
Files deleted
Thu Aug 23 16:00:02 EDT 2018 - Starting logs cleaning
Logs cleaned
Reloading nginx
Thu Aug 23 16:00:02 EDT 2018 - Starting logs cleaning
Cleaning not usefull logs for: www.recoleta.cl
0 logs removed because their are ligitimal request
Logs cleaned
Reloading nginx
Reload Succesfull
Reload Succesfull
Fri Aug 24 16:00:01 EDT 2018 - Removing temporal files in static/logs
Files deleted
Fri Aug 24 16:00:01 EDT 2018 - Removing temporal files in static/logs
Files deleted
Fri Aug 24 16:00:01 EDT 2018 - Starting logs cleaning
Fri Aug 24 16:00:01 EDT 2018 - Starting logs cleaning
Cleaning not usefull logs for: www.recoleta.cl
Cleaning not usefull logs for: www.recoleta.cl
0 logs removed because their are ligitimal request
0 logs removed because their are ligitimal request
Cleaning not usefull logs for: www.recoleta.cl
Cleaning not usefull logs for: www.recoleta.cl
0 logs removed because their are ligitimal request
0 logs removed because their are ligitimal request
Logs cleaned
Reloading nginx
Logs cleaned
Reloading nginx
Reload Succesfull
Reload Succesfull
Fri Aug 24 18:00:01 EDT 2018 - Removing temporal files in static/logs
Fri Aug 24 18:00:01 EDT 2018 - Removing temporal files in static/logs
Files deleted
Files deleted
Fri Aug 24 18:00:01 EDT 2018 - Starting logs cleaning
Fri Aug 24 18:00:01 EDT 2018 - Starting logs cleaning
Cleaning not usefull logs for: www.recoleta.cl
Cleaning not usefull logs for: www.recoleta.cl
0 logs removed because their are ligitimal request
0 logs removed because their are ligitimal request
Cleaning not usefull logs for: www.recoleta.cl
Cleaning not usefull logs for: www.recoleta.cl
0 logs removed because their are ligitimal request
Logs cleaned
Reloading nginx
0 logs removed because their are ligitimal request
Logs cleaned
Reloading nginx
Reload Succesfull
Reload Succesfull
Fri Aug 24 20:00:02 EDT 2018 - Removing temporal files in static/logs
Fri Aug 24 20:00:02 EDT 2018 - Removing temporal files in static/logs
Files deleted
Files deleted
Fri Aug 24 20:00:02 EDT 2018 - Starting logs cleaning
Fri Aug 24 20:00:02 EDT 2018 - Starting logs cleaning
Cleaning not usefull logs for: www.recoleta.cl
Cleaning not usefull logs for: www.recoleta.cl
0 logs removed because their are ligitimal request
0 logs removed because their are ligitimal request
Cleaning not usefull logs for: www.recoleta.cl
0 logs removed because their are ligitimal request
Logs cleaned
Reloading nginx
Cleaning not usefull logs for: www.recoleta.cl
0 logs removed because their are ligitimal request
Logs cleaned
Reloading nginx
Reload Succesfull
Reload Succesfull
Tue Sep  4 00:00:01 EDT 2018 - Removing temporal files in static/logs
Tue Sep  4 00:00:01 EDT 2018 - Removing temporal files in static/logs
Files deleted
Files deleted
Tue Sep  4 00:00:01 EDT 2018 - Starting logs cleaning
Tue Sep  4 00:00:01 EDT 2018 - Starting logs cleaning
Cleaning not usefull logs for: www.recoleta.cl
Cleaning not usefull logs for: www.recoleta.cl
0 logs removed because their are ligitimal request
0 logs removed because their are ligitimal request
Cleaning not usefull logs for: www.recoleta.cl
Cleaning not usefull logs for: www.recoleta.cl
0 logs removed because their are ligitimal request
0 logs removed because their are ligitimal request
Logs cleaned
Reloading nginx
Logs cleaned
Reloading nginx
Reload Succesfull
Reload Succesfull
Tue Sep  4 18:00:01 EDT 2018 - Removing temporal files in static/logs
Tue Sep  4 18:00:01 EDT 2018 - Removing temporal files in static/logs
Files deleted
Files deleted
Tue Sep  4 18:00:01 EDT 2018 - Starting logs cleaning
Cleaning not usefull logs for: www.recoleta.cl
Tue Sep  4 18:00:01 EDT 2018 - Starting logs cleaning
Cleaning not usefull logs for: www.recoleta.cl
0 logs removed because their are ligitimal request
Cleaning not usefull logs for: www.recoleta.cl
0 logs removed because their are ligitimal request
0 logs removed because their are ligitimal request
Cleaning not usefull logs for: www.recoleta.cl
Logs cleaned
Reloading nginx
0 logs removed because their are ligitimal request
Logs cleaned
Reloading nginx
Reload Succesfull
Reload Succesfull
Wed Jan  2 14:00:01 EST 2019 - Removing temporal files in static/logs
Wed Jan  2 14:00:01 EST 2019 - Removing temporal files in static/logs
Files deleted
Files deleted
Wed Jan  2 14:00:01 EST 2019 - Starting logs cleaning
Wed Jan  2 14:00:01 EST 2019 - Starting logs cleaning
Cleaning not usefull logs for: www.recoleta.cl
Cleaning not usefull logs for: www.recoleta.cl
0 logs removed because their are ligitimal request
0 logs removed because their are ligitimal request
Cleaning not usefull logs for: www.recoleta.cl
Cleaning not usefull logs for: www.recoleta.cl
0 logs removed because their are ligitimal request
Logs cleaned
Reloading nginx
0 logs removed because their are ligitimal request
Logs cleaned
Reloading nginx
Reload Succesfull
Reload Succesfull
Wed Jan  2 16:00:01 EST 2019 - Removing temporal files in static/logs
Wed Jan  2 16:00:01 EST 2019 - Removing temporal files in static/logs
Files deleted
Files deleted
Wed Jan  2 16:00:01 EST 2019 - Starting logs cleaning
Wed Jan  2 16:00:01 EST 2019 - Starting logs cleaning
Cleaning not usefull logs for: www.recoleta.cl
Cleaning not usefull logs for: www.recoleta.cl
0 logs removed because their are ligitimal request
0 logs removed because their are ligitimal request
Cleaning not usefull logs for: www.recoleta.cl
Cleaning not usefull logs for: www.recoleta.cl
0 logs removed because their are ligitimal request
0 logs removed because their are ligitimal request
Logs cleaned
Reloading nginx
Logs cleaned
Reloading nginx
Thu Jan  3 12:00:01 EST 2019 - Removing temporal files in static/logs
Thu Jan  3 12:00:01 EST 2019 - Removing temporal files in static/logs
Files deleted
Files deleted
Thu Jan  3 12:00:01 EST 2019 - Starting logs cleaning
Thu Jan  3 12:00:01 EST 2019 - Starting logs cleaning
Cleaning not usefull logs for: www.recoleta.cl
Cleaning not usefull logs for: www.recoleta.cl
0 logs removed because their are ligitimal request
0 logs removed because their are ligitimal request
Cleaning not usefull logs for: www.damian.com
Cleaning not usefull logs for: www.damian.com
0 logs removed because their are ligitimal request
Cleaning not usefull logs for: www.recoleta.cl
0 logs removed because their are ligitimal request
Cleaning not usefull logs for: www.recoleta.cl
0 logs removed because their are ligitimal request
0 logs removed because their are ligitimal request
Cleaning not usefull logs for: www.damian.com
Cleaning not usefull logs for: www.damian.com
0 logs removed because their are ligitimal request
0 logs removed because their are ligitimal request
Logs cleaned
Reloading nginx
Logs cleaned
Reloading nginx
Thu Jan  3 14:00:01 EST 2019 - Removing temporal files in static/logs
Thu Jan  3 14:00:01 EST 2019 - Removing temporal files in static/logs
Files deleted
Files deleted
Thu Jan  3 14:00:01 EST 2019 - Starting logs cleaning
Thu Jan  3 14:00:01 EST 2019 - Starting logs cleaning
Cleaning not usefull logs for: www.recoleta.cl
Cleaning not usefull logs for: www.recoleta.cl
0 logs removed because their are ligitimal request
0 logs removed because their are ligitimal request
Cleaning not usefull logs for: www.damian.com
Cleaning not usefull logs for: www.damian.com
0 logs removed because their are ligitimal request
0 logs removed because their are ligitimal request
Cleaning not usefull logs for: www.recoleta.cl
Cleaning not usefull logs for: www.recoleta.cl
0 logs removed because their are ligitimal request
Cleaning not usefull logs for: www.damian.com
0 logs removed because their are ligitimal request
Cleaning not usefull logs for: www.damian.com
0 logs removed because their are ligitimal request
Logs cleaned
Reloading nginx
0 logs removed because their are ligitimal request
Logs cleaned
Reloading nginx
Thu Jan  3 16:00:01 EST 2019 - Removing temporal files in static/logs
Thu Jan  3 16:00:01 EST 2019 - Removing temporal files in static/logs
Files deleted
Files deleted
Thu Jan  3 16:00:01 EST 2019 - Starting logs cleaning
Cleaning not usefull logs for: www.recoleta.cl
Thu Jan  3 16:00:01 EST 2019 - Starting logs cleaning
0 logs removed because their are ligitimal request
Cleaning not usefull logs for: www.recoleta.cl
Cleaning not usefull logs for: www.damian.com
0 logs removed because their are ligitimal request
0 logs removed because their are ligitimal request
Cleaning not usefull logs for: www.damian.com
Logs cleaned
Reloading nginx
0 logs removed because their are ligitimal request
Logs cleaned
Reloading nginx
Wed Jan  9 12:00:01 EST 2019 - Removing temporal files in static/logs
Wed Jan  9 12:00:01 EST 2019 - Removing temporal files in static/logs
Files deleted
Files deleted
Wed Jan  9 12:00:01 EST 2019 - Starting logs cleaning
Wed Jan  9 12:00:01 EST 2019 - Starting logs cleaning
Cleaning not usefull logs for: www.recoleta.cl
Cleaning not usefull logs for: www.recoleta.cl
0 logs removed because their are ligitimal request
0 logs removed because their are ligitimal request
Cleaning not usefull logs for: www.recoleta.cl
Cleaning not usefull logs for: www.recoleta.cl
0 logs removed because their are ligitimal request
0 logs removed because their are ligitimal request
Logs cleaned
Reloading nginx
Logs cleaned
Reloading nginx
Failed, nginx is not running
Failed, nginx is not running
Mon Jan 14 14:00:01 EST 2019 - Removing temporal files in static/logs
Mon Jan 14 14:00:01 EST 2019 - Removing temporal files in static/logs
Files deleted
Files deleted
Mon Jan 14 14:00:01 EST 2019 - Starting logs cleaning
Mon Jan 14 14:00:01 EST 2019 - Starting logs cleaning
Cleaning not usefull logs for: www.mcerrillos.cl
Cleaning not usefull logs for: www.mcerrillos.cl
0 logs removed because their are ligitimal request
0 logs removed because their are ligitimal request
Cleaning not usefull logs for: www.mcerrillos.cl
Cleaning not usefull logs for: www.mcerrillos.cl
0 logs removed because their are ligitimal request
0 logs removed because their are ligitimal request
Logs cleaned
Reloading nginx
Logs cleaned
Reloading nginx
Reload Succesfull
Reload Succesfull
Tue Jan 22 14:00:01 EST 2019 - Removing temporal files in static/logs
Tue Jan 22 14:00:01 EST 2019 - Removing temporal files in static/logs
Files deleted
Files deleted
Tue Jan 22 14:00:01 EST 2019 - Starting logs cleaning
Tue Jan 22 14:00:01 EST 2019 - Starting logs cleaning
Cleaning not usefull logs for: www.mcerrillos.cl
Cleaning not usefull logs for: www.mcerrillos.cl
0 logs removed because their are ligitimal request
0 logs removed because their are ligitimal request
Cleaning not usefull logs for: www.mcerrillos.cl
Cleaning not usefull logs for: www.mcerrillos.cl
0 logs removed because their are ligitimal request
Logs cleaned
Reloading nginx
0 logs removed because their are ligitimal request
Logs cleaned
Reloading nginx
Sat Feb  9 12:00:01 EST 2019 - Removing temporal files in static/logs
Files deleted
Sat Feb  9 20:00:01 EST 2019 - Removing temporal files in static/logs
Files deleted
Sun Feb 10 14:00:01 EST 2019 - Removing temporal files in static/logs
Files deleted
